<?xml version="1.0" encoding="UTF-8"?>
<testsuite name="com.udacity.GameTest" tests="23" skipped="0" failures="0" errors="0" timestamp="2022-07-21T18:07:42" hostname="DESKTOP-F9M477B" time="0.097">
  <properties/>
  <testcase name="no_winner_case1" classname="com.udacity.GameTest" time="0.004"/>
  <testcase name="no_winner_case2" classname="com.udacity.GameTest" time="0.001"/>
  <testcase name="no_winner_case3" classname="com.udacity.GameTest" time="0.003"/>
  <testcase name="no_winner_case4" classname="com.udacity.GameTest" time="0.001"/>
  <testcase name="diagonal_x_win_case1" classname="com.udacity.GameTest" time="0.001"/>
  <testcase name="diagonal_x_win_case2" classname="com.udacity.GameTest" time="0.001"/>
  <testcase name="vertical_x_win_case1" classname="com.udacity.GameTest" time="0.0"/>
  <testcase name="vertical_x_win_case2" classname="com.udacity.GameTest" time="0.0"/>
  <testcase name="vertical_x_win_case3" classname="com.udacity.GameTest" time="0.001"/>
  <testcase name="tie_game_case1" classname="com.udacity.GameTest" time="0.001"/>
  <testcase name="tie_game_case2" classname="com.udacity.GameTest" time="0.001"/>
  <testcase name="tie_game_case3" classname="com.udacity.GameTest" time="0.002"/>
  <testcase name="horizontal_o_win_case1" classname="com.udacity.GameTest" time="0.006"/>
  <testcase name="horizontal_o_win_case2" classname="com.udacity.GameTest" time="0.0"/>
  <testcase name="horizontal_o_win_case3" classname="com.udacity.GameTest" time="0.0"/>
  <testcase name="horizontal_x_win_case1" classname="com.udacity.GameTest" time="0.036"/>
  <testcase name="horizontal_x_win_case2" classname="com.udacity.GameTest" time="0.002"/>
  <testcase name="horizontal_x_win_case3" classname="com.udacity.GameTest" time="0.001"/>
  <testcase name="diagonal_o_win_case1" classname="com.udacity.GameTest" time="0.001"/>
  <testcase name="diagonal_o_win_case2" classname="com.udacity.GameTest" time="0.0"/>
  <testcase name="vertical_o_win_case1" classname="com.udacity.GameTest" time="0.003"/>
  <testcase name="vertical_o_win_case2" classname="com.udacity.GameTest" time="0.0"/>
  <testcase name="vertical_o_win_case3" classname="com.udacity.GameTest" time="0.01"/>
  <system-out><![CDATA[]]></system-out>
  <system-err><![CDATA[]]></system-err>
</testsuite>
